
=== Fri Nov  2 10:48:50 2018

Packages were changed.
Update Mode: updateDependencies

The following packages were added:
  com.unity.collab-proxy@1.2.9
  com.unity.xr.legacyinputhelpers@1.0.0
The following packages were updated:
  com.unity.analytics from version 2.0.16 to 3.0.9
  com.unity.package-manager-ui from version 1.9.11 to 2.1.0-preview.1
  com.unity.textmeshpro from version 1.2.4 to 1.3.0

=== Mon Nov  5 16:24:15 2018

Packages were changed.
Update Mode: resetToDefaultDependencies

The following packages were updated:
  com.unity.purchasing from version 2.0.3 to 2.0.1
  com.unity.textmeshpro from version 1.3.0 to 1.2.4
  com.unity.package-manager-ui from version 2.1.0-preview.1 to 2.0.0-preview.6
  com.unity.collab-proxy from version 1.2.9 to 1.2.6
The following packages were removed:
  com.unity.addressables@0.4.8-preview
  com.unity.xr.legacyinputhelpers@1.0.0
